<?xml version="1.0" encoding="UTF-8"?>
<!-- Generated by org.testng.reporters.JUnitReportReporter -->
<testsuite hostname="Rajraviojha" failures="0" tests="1" name="com.mentorbabaa.selenium.medicure_application.AppTest" time="0.039" errors="0" timestamp="28 May 2024 18:24:40 GMT" skipped="0">
  <testcase classname="com.mentorbabaa.selenium.medicure_application.AppTest" name="shouldAnswerWithTrue" time="0.039"/>
</testsuite> <!-- com.mentorbabaa.selenium.medicure_application.AppTest -->
